{"/Users/bbocquet/Repos/nodejs-workshop/formationNode/src/app.js": {"path":"/Users/bbocquet/Repos/nodejs-workshop/formationNode/src/app.js","statementMap":{"0":{"start":{"line":1,"column":16},"end":{"line":1,"column":34}},"1":{"start":{"line":3,"column":13},"end":{"line":3,"column":28}},"2":{"start":{"line":5,"column":12},"end":{"line":5,"column":21}},"3":{"start":{"line":7,"column":0},"end":{"line":11,"column":3}},"4":{"start":{"line":8,"column":2},"end":{"line":10,"column":5}},"5":{"start":{"line":13,"column":0},"end":{"line":15,"column":3}},"6":{"start":{"line":14,"column":2},"end":{"line":14,"column":22}},"7":{"start":{"line":17,"column":0},"end":{"line":17,"column":21}}},"fnMap":{"0":{"name":"(anonymous_0)","decl":{"start":{"line":7,"column":13},"end":{"line":7,"column":14}},"loc":{"start":{"line":7,"column":27},"end":{"line":11,"column":1}},"line":7},"1":{"name":"(anonymous_1)","decl":{"start":{"line":13,"column":19},"end":{"line":13,"column":20}},"loc":{"start":{"line":13,"column":33},"end":{"line":15,"column":1}},"line":13}},"branchMap":{},"s":{"0":1,"1":1,"2":1,"3":1,"4":1,"5":1,"6":1,"7":1},"f":{"0":1,"1":1},"b":{},"_coverageSchema":"1a1c01bbd47fc00a2c39e90264f33305004495a9","hash":"6abe09c7ea031996db6511c24d9a7f5a46723984"}
}
